android/app/build/intermediates/manifest_merge_blame_file/debug/manifest-merger-blame-debug-report.txt
1<?xml version="1.0" encoding="utf-8"?>
2<manifest xmlns:android="http://schemas.android.com/apk/res/android"
3    package="com.rnproject"
4    android:versionCode="1"
5    android:versionName="1.0" >
6
7    <uses-sdk
8        android:minSdkVersion="21"
9        android:targetSdkVersion="33" />
10
11    <uses-permission android:name="android.permission.SYSTEM_ALERT_WINDOW" />
11-->src\debug\AndroidManifest.xml:5:5-77
11-->src\debug\AndroidManifest.xml:5:22-75
12    <uses-permission android:name="android.permission.INTERNET" />
12-->src\main\AndroidManifest.xml:3:5-67
12-->src\main\AndroidManifest.xml:3:22-64
13    <uses-permission android:name="android.permission.VIBRATE" />
13-->src\main\AndroidManifest.xml:4:5-65
13-->src\main\AndroidManifest.xml:4:22-63
14    <uses-permission android:name="android.permission.ACCESS_WIFI_STATE" />
14-->[com.facebook.flipper:flipper:0.182.0] AndroidManifest.xml:16:5-76
14-->[com.facebook.flipper:flipper:0.182.0] AndroidManifest.xml:16:22-73
15    <uses-permission android:name="android.permission.WAKE_LOCK" />
15-->[:react-native-firebase_auth] AndroidManifest.xml:8:5-68
15-->[:react-native-firebase_auth] AndroidManifest.xml:8:22-65
16    <uses-permission android:name="android.permission.ACCESS_NETWORK_STATE" />
16-->[:react-native-firebase_auth] AndroidManifest.xml:9:5-79
16-->[:react-native-firebase_auth] AndroidManifest.xml:9:22-76
17    <uses-permission android:name="android.permission.POST_NOTIFICATIONS" /> <!-- Required by older versions of Google Play services to create IID tokens -->
17-->[com.google.firebase:firebase-messaging:23.3.1] AndroidManifest.xml:23:5-77
17-->[com.google.firebase:firebase-messaging:23.3.1] AndroidManifest.xml:23:22-74
18    <uses-permission android:name="com.google.android.c2dm.permission.RECEIVE" />
18-->[com.google.firebase:firebase-messaging:23.3.1] AndroidManifest.xml:26:5-82
18-->[com.google.firebase:firebase-messaging:23.3.1] AndroidManifest.xml:26:22-79
19    <uses-permission android:name="com.google.android.gms.permission.AD_ID" />
19-->[com.google.android.gms:play-services-measurement-api:21.5.0] AndroidManifest.xml:25:5-79
19-->[com.google.android.gms:play-services-measurement-api:21.5.0] AndroidManifest.xml:25:22-76
20    <uses-permission android:name="android.permission.ACCESS_ADSERVICES_ATTRIBUTION" />
20-->[com.google.android.gms:play-services-measurement-api:21.5.0] AndroidManifest.xml:26:5-88
20-->[com.google.android.gms:play-services-measurement-api:21.5.0] AndroidManifest.xml:26:22-85
21    <uses-permission android:name="android.permission.ACCESS_ADSERVICES_AD_ID" />
21-->[com.google.android.gms:play-services-measurement-api:21.5.0] AndroidManifest.xml:27:5-82
21-->[com.google.android.gms:play-services-measurement-api:21.5.0] AndroidManifest.xml:27:22-79
22    <uses-permission android:name="com.google.android.finsky.permission.BIND_GET_INSTALL_REFERRER_SERVICE" />
22-->[com.google.android.gms:play-services-measurement:21.5.0] AndroidManifest.xml:26:5-110
22-->[com.google.android.gms:play-services-measurement:21.5.0] AndroidManifest.xml:26:22-107
23
24    <permission
24-->[androidx.core:core:1.9.0] AndroidManifest.xml:22:5-24:47
25        android:name="com.rnproject.DYNAMIC_RECEIVER_NOT_EXPORTED_PERMISSION"
25-->[androidx.core:core:1.9.0] AndroidManifest.xml:23:9-81
26        android:protectionLevel="signature" />
26-->[androidx.core:core:1.9.0] AndroidManifest.xml:24:9-44
27
28    <uses-permission android:name="com.rnproject.DYNAMIC_RECEIVER_NOT_EXPORTED_PERMISSION" /> <!-- for android -->
28-->[androidx.core:core:1.9.0] AndroidManifest.xml:26:5-97
28-->[androidx.core:core:1.9.0] AndroidManifest.xml:26:22-94
29    <!-- <uses-permission android:name="com.android.launcher.permission.READ_SETTINGS"/> -->
30    <!-- <uses-permission android:name="com.android.launcher.permission.WRITE_SETTINGS"/> -->
31    <!-- <uses-permission android:name="com.android.launcher.permission.INSTALL_SHORTCUT" /> -->
32    <!-- <uses-permission android:name="com.android.launcher.permission.UNINSTALL_SHORTCUT" /> -->
33    <!-- for Samsung -->
34    <uses-permission android:name="com.sec.android.provider.badge.permission.READ" />
34-->[me.leolin:ShortcutBadger:1.1.22] AndroidManifest.xml:19:5-86
34-->[me.leolin:ShortcutBadger:1.1.22] AndroidManifest.xml:19:22-83
35    <uses-permission android:name="com.sec.android.provider.badge.permission.WRITE" /> <!-- for htc -->
35-->[me.leolin:ShortcutBadger:1.1.22] AndroidManifest.xml:20:5-87
35-->[me.leolin:ShortcutBadger:1.1.22] AndroidManifest.xml:20:22-84
36    <uses-permission android:name="com.htc.launcher.permission.READ_SETTINGS" />
36-->[me.leolin:ShortcutBadger:1.1.22] AndroidManifest.xml:23:5-81
36-->[me.leolin:ShortcutBadger:1.1.22] AndroidManifest.xml:23:22-78
37    <uses-permission android:name="com.htc.launcher.permission.UPDATE_SHORTCUT" /> <!-- for sony -->
37-->[me.leolin:ShortcutBadger:1.1.22] AndroidManifest.xml:24:5-83
37-->[me.leolin:ShortcutBadger:1.1.22] AndroidManifest.xml:24:22-80
38    <uses-permission android:name="com.sonyericsson.home.permission.BROADCAST_BADGE" />
38-->[me.leolin:ShortcutBadger:1.1.22] AndroidManifest.xml:27:5-88
38-->[me.leolin:ShortcutBadger:1.1.22] AndroidManifest.xml:27:22-85
39    <uses-permission android:name="com.sonymobile.home.permission.PROVIDER_INSERT_BADGE" /> <!-- for apex -->
39-->[me.leolin:ShortcutBadger:1.1.22] AndroidManifest.xml:28:5-92
39-->[me.leolin:ShortcutBadger:1.1.22] AndroidManifest.xml:28:22-89
40    <uses-permission android:name="com.anddoes.launcher.permission.UPDATE_COUNT" /> <!-- for solid -->
40-->[me.leolin:ShortcutBadger:1.1.22] AndroidManifest.xml:31:5-84
40-->[me.leolin:ShortcutBadger:1.1.22] AndroidManifest.xml:31:22-81
41    <uses-permission android:name="com.majeur.launcher.permission.UPDATE_BADGE" /> <!-- for huawei -->
41-->[me.leolin:ShortcutBadger:1.1.22] AndroidManifest.xml:34:5-83
41-->[me.leolin:ShortcutBadger:1.1.22] AndroidManifest.xml:34:22-80
42    <uses-permission android:name="com.huawei.android.launcher.permission.CHANGE_BADGE" />
42-->[me.leolin:ShortcutBadger:1.1.22] AndroidManifest.xml:37:5-91
42-->[me.leolin:ShortcutBadger:1.1.22] AndroidManifest.xml:37:22-88
43    <uses-permission android:name="com.huawei.android.launcher.permission.READ_SETTINGS" />
43-->[me.leolin:ShortcutBadger:1.1.22] AndroidManifest.xml:38:5-92
43-->[me.leolin:ShortcutBadger:1.1.22] AndroidManifest.xml:38:22-89
44    <uses-permission android:name="com.huawei.android.launcher.permission.WRITE_SETTINGS" /> <!-- for ZUK -->
44-->[me.leolin:ShortcutBadger:1.1.22] AndroidManifest.xml:39:5-93
44-->[me.leolin:ShortcutBadger:1.1.22] AndroidManifest.xml:39:22-90
45    <uses-permission android:name="android.permission.READ_APP_BADGE" /> <!-- for OPPO -->
45-->[me.leolin:ShortcutBadger:1.1.22] AndroidManifest.xml:42:5-73
45-->[me.leolin:ShortcutBadger:1.1.22] AndroidManifest.xml:42:22-70
46    <uses-permission android:name="com.oppo.launcher.permission.READ_SETTINGS" />
46-->[me.leolin:ShortcutBadger:1.1.22] AndroidManifest.xml:45:5-82
46-->[me.leolin:ShortcutBadger:1.1.22] AndroidManifest.xml:45:22-79
47    <uses-permission android:name="com.oppo.launcher.permission.WRITE_SETTINGS" /> <!-- for EvMe -->
47-->[me.leolin:ShortcutBadger:1.1.22] AndroidManifest.xml:46:5-83
47-->[me.leolin:ShortcutBadger:1.1.22] AndroidManifest.xml:46:22-80
48    <uses-permission android:name="me.everything.badger.permission.BADGE_COUNT_READ" />
48-->[me.leolin:ShortcutBadger:1.1.22] AndroidManifest.xml:49:5-88
48-->[me.leolin:ShortcutBadger:1.1.22] AndroidManifest.xml:49:22-85
49    <uses-permission android:name="me.everything.badger.permission.BADGE_COUNT_WRITE" />
49-->[me.leolin:ShortcutBadger:1.1.22] AndroidManifest.xml:50:5-89
49-->[me.leolin:ShortcutBadger:1.1.22] AndroidManifest.xml:50:22-86
50
51    <application
51-->src\main\AndroidManifest.xml:6:5-25:19
52        android:name="com.rnproject.MainApplication"
52-->src\main\AndroidManifest.xml:7:7-38
53        android:allowBackup="false"
53-->src\main\AndroidManifest.xml:11:7-34
54        android:appComponentFactory="androidx.core.app.CoreComponentFactory"
54-->[androidx.core:core:1.9.0] AndroidManifest.xml:28:18-86
55        android:debuggable="true"
56        android:icon="@mipmap/ic_launcher"
56-->src\main\AndroidManifest.xml:9:7-41
57        android:label="@string/app_name"
57-->src\main\AndroidManifest.xml:8:7-39
58        android:roundIcon="@mipmap/ic_launcher_round"
58-->src\main\AndroidManifest.xml:10:7-52
59        android:theme="@style/AppTheme"
59-->src\main\AndroidManifest.xml:12:7-38
60        android:usesCleartextTraffic="true" >
60-->src\debug\AndroidManifest.xml:8:9-44
61        <activity
61-->src\debug\AndroidManifest.xml:11:9-111
62            android:name="com.facebook.react.devsupport.DevSettingsActivity"
62-->src\debug\AndroidManifest.xml:11:19-83
63            android:exported="false" />
63-->src\debug\AndroidManifest.xml:11:84-108
64        <activity
64-->src\main\AndroidManifest.xml:13:7-24:18
65            android:name="com.rnproject.MainActivity"
65-->src\main\AndroidManifest.xml:14:9-37
66            android:configChanges="keyboard|keyboardHidden|orientation|screenLayout|screenSize|smallestScreenSize|uiMode"
66-->src\main\AndroidManifest.xml:16:9-118
67            android:exported="true"
67-->src\main\AndroidManifest.xml:19:9-32
68            android:label="@string/app_name"
68-->src\main\AndroidManifest.xml:15:9-41
69            android:launchMode="singleTask"
69-->src\main\AndroidManifest.xml:17:9-40
70            android:windowSoftInputMode="adjustResize" >
70-->src\main\AndroidManifest.xml:18:9-51
71            <intent-filter>
71-->src\main\AndroidManifest.xml:20:9-23:25
72                <action android:name="android.intent.action.MAIN" />
72-->src\main\AndroidManifest.xml:21:13-65
72-->src\main\AndroidManifest.xml:21:21-62
73
74                <category android:name="android.intent.category.LAUNCHER" />
74-->src\main\AndroidManifest.xml:22:13-73
74-->src\main\AndroidManifest.xml:22:23-70
75            </intent-filter>
76        </activity>
77
78        <meta-data
78-->[:react-native-firebase_app] AndroidManifest.xml:9:9-11:36
79            android:name="app_data_collection_default_enabled"
79-->[:react-native-firebase_app] AndroidManifest.xml:10:13-63
80            android:value="true" />
80-->[:react-native-firebase_app] AndroidManifest.xml:11:13-33
81
82        <service
82-->[:react-native-firebase_app] AndroidManifest.xml:13:9-21:19
83            android:name="com.google.firebase.components.ComponentDiscoveryService"
83-->[:react-native-firebase_app] AndroidManifest.xml:14:13-84
84            android:directBootAware="true"
84-->[:react-native-firebase_app] AndroidManifest.xml:15:13-43
85            android:exported="false" >
85-->[:react-native-firebase_app] AndroidManifest.xml:16:13-37
86            <meta-data
86-->[:react-native-firebase_app] AndroidManifest.xml:18:13-20:85
87                android:name="com.google.firebase.components:io.invertase.firebase.app.ReactNativeFirebaseAppRegistrar"
87-->[:react-native-firebase_app] AndroidManifest.xml:19:17-120
88                android:value="com.google.firebase.components.ComponentRegistrar" />
88-->[:react-native-firebase_app] AndroidManifest.xml:20:17-82
89            <meta-data
89-->[com.google.firebase:firebase-storage:20.3.0] AndroidManifest.xml:30:13-32:85
90                android:name="com.google.firebase.components:com.google.firebase.storage.FirebaseStorageKtxRegistrar"
90-->[com.google.firebase:firebase-storage:20.3.0] AndroidManifest.xml:31:17-118
91                android:value="com.google.firebase.components.ComponentRegistrar" />
91-->[com.google.firebase:firebase-storage:20.3.0] AndroidManifest.xml:32:17-82
92            <meta-data
92-->[com.google.firebase:firebase-storage:20.3.0] AndroidManifest.xml:33:13-35:85
93                android:name="com.google.firebase.components:com.google.firebase.storage.StorageRegistrar"
93-->[com.google.firebase:firebase-storage:20.3.0] AndroidManifest.xml:34:17-107
94                android:value="com.google.firebase.components.ComponentRegistrar" />
94-->[com.google.firebase:firebase-storage:20.3.0] AndroidManifest.xml:35:17-82
95            <meta-data
95-->[com.google.firebase:firebase-appcheck:17.1.1] AndroidManifest.xml:25:13-27:85
96                android:name="com.google.firebase.components:com.google.firebase.appcheck.FirebaseAppCheckKtxRegistrar"
96-->[com.google.firebase:firebase-appcheck:17.1.1] AndroidManifest.xml:26:17-120
97                android:value="com.google.firebase.components.ComponentRegistrar" />
97-->[com.google.firebase:firebase-appcheck:17.1.1] AndroidManifest.xml:27:17-82
98            <meta-data
98-->[com.google.firebase:firebase-appcheck:17.1.1] AndroidManifest.xml:28:13-30:85
99                android:name="com.google.firebase.components:com.google.firebase.appcheck.FirebaseAppCheckRegistrar"
99-->[com.google.firebase:firebase-appcheck:17.1.1] AndroidManifest.xml:29:17-117
100                android:value="com.google.firebase.components.ComponentRegistrar" />
100-->[com.google.firebase:firebase-appcheck:17.1.1] AndroidManifest.xml:30:17-82
101            <meta-data
101-->[com.google.firebase:firebase-messaging:23.3.1] AndroidManifest.xml:57:13-59:85
102                android:name="com.google.firebase.components:com.google.firebase.messaging.FirebaseMessagingKtxRegistrar"
102-->[com.google.firebase:firebase-messaging:23.3.1] AndroidManifest.xml:58:17-122
103                android:value="com.google.firebase.components.ComponentRegistrar" />
103-->[com.google.firebase:firebase-messaging:23.3.1] AndroidManifest.xml:59:17-82
104            <meta-data
104-->[com.google.firebase:firebase-messaging:23.3.1] AndroidManifest.xml:60:13-62:85
105                android:name="com.google.firebase.components:com.google.firebase.messaging.FirebaseMessagingRegistrar"
105-->[com.google.firebase:firebase-messaging:23.3.1] AndroidManifest.xml:61:17-119
106                android:value="com.google.firebase.components.ComponentRegistrar" />
106-->[com.google.firebase:firebase-messaging:23.3.1] AndroidManifest.xml:62:17-82
107            <meta-data
107-->[com.google.firebase:firebase-datatransport:18.1.7] AndroidManifest.xml:27:13-29:85
108                android:name="com.google.firebase.components:com.google.firebase.datatransport.TransportRegistrar"
108-->[com.google.firebase:firebase-datatransport:18.1.7] AndroidManifest.xml:28:17-115
109                android:value="com.google.firebase.components.ComponentRegistrar" />
109-->[com.google.firebase:firebase-datatransport:18.1.7] AndroidManifest.xml:29:17-82
110            <meta-data
110-->[com.google.firebase:firebase-auth:22.2.0] AndroidManifest.xml:69:13-71:85
111                android:name="com.google.firebase.components:com.google.firebase.auth.FirebaseAuthRegistrar"
111-->[com.google.firebase:firebase-auth:22.2.0] AndroidManifest.xml:70:17-109
112                android:value="com.google.firebase.components.ComponentRegistrar" />
112-->[com.google.firebase:firebase-auth:22.2.0] AndroidManifest.xml:71:17-82
113            <meta-data
113-->[com.google.firebase:firebase-firestore:24.9.1] AndroidManifest.xml:17:13-19:85
114                android:name="com.google.firebase.components:com.google.firebase.firestore.FirebaseFirestoreKtxRegistrar"
114-->[com.google.firebase:firebase-firestore:24.9.1] AndroidManifest.xml:18:17-122
115                android:value="com.google.firebase.components.ComponentRegistrar" />
115-->[com.google.firebase:firebase-firestore:24.9.1] AndroidManifest.xml:19:17-82
116            <meta-data
116-->[com.google.firebase:firebase-firestore:24.9.1] AndroidManifest.xml:20:13-22:85
117                android:name="com.google.firebase.components:com.google.firebase.firestore.FirestoreRegistrar"
117-->[com.google.firebase:firebase-firestore:24.9.1] AndroidManifest.xml:21:17-111
118                android:value="com.google.firebase.components.ComponentRegistrar" />
118-->[com.google.firebase:firebase-firestore:24.9.1] AndroidManifest.xml:22:17-82
119            <meta-data
119-->[com.google.android.gms:play-services-measurement-api:21.5.0] AndroidManifest.xml:37:13-39:85
120                android:name="com.google.firebase.components:com.google.firebase.analytics.connector.internal.AnalyticsConnectorRegistrar"
120-->[com.google.android.gms:play-services-measurement-api:21.5.0] AndroidManifest.xml:38:17-139
121                android:value="com.google.firebase.components.ComponentRegistrar" />
121-->[com.google.android.gms:play-services-measurement-api:21.5.0] AndroidManifest.xml:39:17-82
122            <meta-data
122-->[com.google.firebase:firebase-installations:17.2.0] AndroidManifest.xml:15:13-17:85
123                android:name="com.google.firebase.components:com.google.firebase.installations.FirebaseInstallationsKtxRegistrar"
123-->[com.google.firebase:firebase-installations:17.2.0] AndroidManifest.xml:16:17-130
124                android:value="com.google.firebase.components.ComponentRegistrar" />
124-->[com.google.firebase:firebase-installations:17.2.0] AndroidManifest.xml:17:17-82
125            <meta-data
125-->[com.google.firebase:firebase-installations:17.2.0] AndroidManifest.xml:18:13-20:85
126                android:name="com.google.firebase.components:com.google.firebase.installations.FirebaseInstallationsRegistrar"
126-->[com.google.firebase:firebase-installations:17.2.0] AndroidManifest.xml:19:17-127
127                android:value="com.google.firebase.components.ComponentRegistrar" />
127-->[com.google.firebase:firebase-installations:17.2.0] AndroidManifest.xml:20:17-82
128            <meta-data
128-->[com.google.firebase:firebase-common-ktx:20.4.2] AndroidManifest.xml:12:13-14:85
129                android:name="com.google.firebase.components:com.google.firebase.ktx.FirebaseCommonLegacyRegistrar"
129-->[com.google.firebase:firebase-common-ktx:20.4.2] AndroidManifest.xml:13:17-116
130                android:value="com.google.firebase.components.ComponentRegistrar" />
130-->[com.google.firebase:firebase-common-ktx:20.4.2] AndroidManifest.xml:14:17-82
131            <meta-data
131-->[com.google.firebase:firebase-common:20.4.2] AndroidManifest.xml:35:13-37:85
132                android:name="com.google.firebase.components:com.google.firebase.FirebaseCommonKtxRegistrar"
132-->[com.google.firebase:firebase-common:20.4.2] AndroidManifest.xml:36:17-109
133                android:value="com.google.firebase.components.ComponentRegistrar" />
133-->[com.google.firebase:firebase-common:20.4.2] AndroidManifest.xml:37:17-82
134        </service>
135
136        <provider
136-->[:react-native-firebase_app] AndroidManifest.xml:23:9-27:38
137            android:name="io.invertase.firebase.app.ReactNativeFirebaseAppInitProvider"
137-->[:react-native-firebase_app] AndroidManifest.xml:24:13-88
138            android:authorities="com.rnproject.reactnativefirebaseappinitprovider"
138-->[:react-native-firebase_app] AndroidManifest.xml:25:13-86
139            android:exported="false"
139-->[:react-native-firebase_app] AndroidManifest.xml:26:13-37
140            android:initOrder="99" /> <!-- A proxy-service that gives the library an opportunity to do some work before launching/resuming the actual application task. -->
140-->[:react-native-firebase_app] AndroidManifest.xml:27:13-35
141        <service android:name="com.wix.reactnativenotifications.core.ProxyService" />
141-->[:react-native-notifications] AndroidManifest.xml:10:9-86
141-->[:react-native-notifications] AndroidManifest.xml:10:18-83
142        <service
142-->[:react-native-notifications] AndroidManifest.xml:11:9-18:19
143            android:name="com.wix.reactnativenotifications.fcm.FcmInstanceIdListenerService"
143-->[:react-native-notifications] AndroidManifest.xml:12:13-93
144            android:exported="true" >
144-->[:react-native-notifications] AndroidManifest.xml:13:13-36
145            <intent-filter>
145-->[:react-native-notifications] AndroidManifest.xml:14:13-17:29
146                <action android:name="com.google.firebase.MESSAGING_EVENT" />
146-->[:react-native-notifications] AndroidManifest.xml:15:17-78
146-->[:react-native-notifications] AndroidManifest.xml:15:25-75
147                <action android:name="com.google.firebase.INSTANCE_ID_EVENT" />
147-->[:react-native-notifications] AndroidManifest.xml:16:17-80
147-->[:react-native-notifications] AndroidManifest.xml:16:25-77
148            </intent-filter>
149        </service>
150        <service
150-->[:react-native-notifications] AndroidManifest.xml:19:9-22:72
151            android:name="com.wix.reactnativenotifications.fcm.FcmInstanceIdRefreshHandlerService"
151-->[:react-native-notifications] AndroidManifest.xml:20:13-99
152            android:exported="false"
152-->[:react-native-notifications] AndroidManifest.xml:21:13-37
153            android:permission="android.permission.BIND_JOB_SERVICE" />
153-->[:react-native-notifications] AndroidManifest.xml:22:13-69
154
155        <receiver
155-->[com.google.firebase:firebase-messaging:23.3.1] AndroidManifest.xml:29:9-40:20
156            android:name="com.google.firebase.iid.FirebaseInstanceIdReceiver"
156-->[com.google.firebase:firebase-messaging:23.3.1] AndroidManifest.xml:30:13-78
157            android:exported="true"
157-->[com.google.firebase:firebase-messaging:23.3.1] AndroidManifest.xml:31:13-36
158            android:permission="com.google.android.c2dm.permission.SEND" >
158-->[com.google.firebase:firebase-messaging:23.3.1] AndroidManifest.xml:32:13-73
159            <intent-filter>
159-->[com.google.firebase:firebase-messaging:23.3.1] AndroidManifest.xml:33:13-35:29
160                <action android:name="com.google.android.c2dm.intent.RECEIVE" />
160-->[com.google.firebase:firebase-messaging:23.3.1] AndroidManifest.xml:34:17-81
160-->[com.google.firebase:firebase-messaging:23.3.1] AndroidManifest.xml:34:25-78
161            </intent-filter>
162
163            <meta-data
163-->[com.google.firebase:firebase-messaging:23.3.1] AndroidManifest.xml:37:13-39:40
164                android:name="com.google.android.gms.cloudmessaging.FINISHED_AFTER_HANDLED"
164-->[com.google.firebase:firebase-messaging:23.3.1] AndroidManifest.xml:38:17-92
165                android:value="true" />
165-->[com.google.firebase:firebase-messaging:23.3.1] AndroidManifest.xml:39:17-37
166        </receiver>
167        <!--
168             FirebaseMessagingService performs security checks at runtime,
169             but set to not exported to explicitly avoid allowing another app to call it.
170        -->
171        <service
171-->[com.google.firebase:firebase-messaging:23.3.1] AndroidManifest.xml:46:9-53:19
172            android:name="com.google.firebase.messaging.FirebaseMessagingService"
172-->[com.google.firebase:firebase-messaging:23.3.1] AndroidManifest.xml:47:13-82
173            android:directBootAware="true"
173-->[com.google.firebase:firebase-messaging:23.3.1] AndroidManifest.xml:48:13-43
174            android:exported="false" >
174-->[com.google.firebase:firebase-messaging:23.3.1] AndroidManifest.xml:49:13-37
175            <intent-filter android:priority="-500" >
175-->[com.google.firebase:firebase-messaging:23.3.1] AndroidManifest.xml:50:13-52:29
175-->[com.google.firebase:firebase-messaging:23.3.1] AndroidManifest.xml:50:28-51
176                <action android:name="com.google.firebase.MESSAGING_EVENT" />
176-->[:react-native-notifications] AndroidManifest.xml:15:17-78
176-->[:react-native-notifications] AndroidManifest.xml:15:25-75
177            </intent-filter>
178        </service>
179        <service
179-->[com.google.android.datatransport:transport-backend-cct:3.1.8] AndroidManifest.xml:28:9-34:19
180            android:name="com.google.android.datatransport.runtime.backends.TransportBackendDiscovery"
180-->[com.google.android.datatransport:transport-backend-cct:3.1.8] AndroidManifest.xml:29:13-103
181            android:exported="false" >
181-->[com.google.android.datatransport:transport-backend-cct:3.1.8] AndroidManifest.xml:30:13-37
182            <meta-data
182-->[com.google.android.datatransport:transport-backend-cct:3.1.8] AndroidManifest.xml:31:13-33:39
183                android:name="backend:com.google.android.datatransport.cct.CctBackendFactory"
183-->[com.google.android.datatransport:transport-backend-cct:3.1.8] AndroidManifest.xml:32:17-94
184                android:value="cct" />
184-->[com.google.android.datatransport:transport-backend-cct:3.1.8] AndroidManifest.xml:33:17-36
185        </service>
186        <service
186-->[com.google.android.datatransport:transport-runtime:3.1.8] AndroidManifest.xml:26:9-30:19
187            android:name="com.google.android.datatransport.runtime.scheduling.jobscheduling.JobInfoSchedulerService"
187-->[com.google.android.datatransport:transport-runtime:3.1.8] AndroidManifest.xml:27:13-117
188            android:exported="false"
188-->[com.google.android.datatransport:transport-runtime:3.1.8] AndroidManifest.xml:28:13-37
189            android:permission="android.permission.BIND_JOB_SERVICE" >
189-->[com.google.android.datatransport:transport-runtime:3.1.8] AndroidManifest.xml:29:13-69
190        </service>
191
192        <receiver
192-->[com.google.android.datatransport:transport-runtime:3.1.8] AndroidManifest.xml:32:9-34:40
193            android:name="com.google.android.datatransport.runtime.scheduling.jobscheduling.AlarmManagerSchedulerBroadcastReceiver"
193-->[com.google.android.datatransport:transport-runtime:3.1.8] AndroidManifest.xml:33:13-132
194            android:exported="false" />
194-->[com.google.android.datatransport:transport-runtime:3.1.8] AndroidManifest.xml:34:13-37
195
196        <activity
196-->[com.google.firebase:firebase-auth:22.2.0] AndroidManifest.xml:29:9-46:20
197            android:name="com.google.firebase.auth.internal.GenericIdpActivity"
197-->[com.google.firebase:firebase-auth:22.2.0] AndroidManifest.xml:30:13-80
198            android:excludeFromRecents="true"
198-->[com.google.firebase:firebase-auth:22.2.0] AndroidManifest.xml:31:13-46
199            android:exported="true"
199-->[com.google.firebase:firebase-auth:22.2.0] AndroidManifest.xml:32:13-36
200            android:launchMode="singleTask"
200-->[com.google.firebase:firebase-auth:22.2.0] AndroidManifest.xml:33:13-44
201            android:theme="@android:style/Theme.Translucent.NoTitleBar" >
201-->[com.google.firebase:firebase-auth:22.2.0] AndroidManifest.xml:34:13-72
202            <intent-filter>
202-->[com.google.firebase:firebase-auth:22.2.0] AndroidManifest.xml:35:13-45:29
203                <action android:name="android.intent.action.VIEW" />
203-->[com.google.firebase:firebase-auth:22.2.0] AndroidManifest.xml:36:17-69
203-->[com.google.firebase:firebase-auth:22.2.0] AndroidManifest.xml:36:25-66
204
205                <category android:name="android.intent.category.DEFAULT" />
205-->[com.google.firebase:firebase-auth:22.2.0] AndroidManifest.xml:38:17-76
205-->[com.google.firebase:firebase-auth:22.2.0] AndroidManifest.xml:38:27-73
206                <category android:name="android.intent.category.BROWSABLE" />
206-->[com.google.firebase:firebase-auth:22.2.0] AndroidManifest.xml:39:17-78
206-->[com.google.firebase:firebase-auth:22.2.0] AndroidManifest.xml:39:27-75
207
208                <data
208-->[com.google.firebase:firebase-auth:22.2.0] AndroidManifest.xml:41:17-44:51
209                    android:host="firebase.auth"
209-->[com.google.firebase:firebase-auth:22.2.0] AndroidManifest.xml:42:21-49
210                    android:path="/"
210-->[com.google.firebase:firebase-auth:22.2.0] AndroidManifest.xml:43:21-37
211                    android:scheme="genericidp" />
211-->[com.google.firebase:firebase-auth:22.2.0] AndroidManifest.xml:44:21-48
212            </intent-filter>
213        </activity>
214        <activity
214-->[com.google.firebase:firebase-auth:22.2.0] AndroidManifest.xml:47:9-64:20
215            android:name="com.google.firebase.auth.internal.RecaptchaActivity"
215-->[com.google.firebase:firebase-auth:22.2.0] AndroidManifest.xml:48:13-79
216            android:excludeFromRecents="true"
216-->[com.google.firebase:firebase-auth:22.2.0] AndroidManifest.xml:49:13-46
217            android:exported="true"
217-->[com.google.firebase:firebase-auth:22.2.0] AndroidManifest.xml:50:13-36
218            android:launchMode="singleTask"
218-->[com.google.firebase:firebase-auth:22.2.0] AndroidManifest.xml:51:13-44
219            android:theme="@android:style/Theme.Translucent.NoTitleBar" >
219-->[com.google.firebase:firebase-auth:22.2.0] AndroidManifest.xml:52:13-72
220            <intent-filter>
220-->[com.google.firebase:firebase-auth:22.2.0] AndroidManifest.xml:53:13-63:29
221                <action android:name="android.intent.action.VIEW" />
221-->[com.google.firebase:firebase-auth:22.2.0] AndroidManifest.xml:36:17-69
221-->[com.google.firebase:firebase-auth:22.2.0] AndroidManifest.xml:36:25-66
222
223                <category android:name="android.intent.category.DEFAULT" />
223-->[com.google.firebase:firebase-auth:22.2.0] AndroidManifest.xml:38:17-76
223-->[com.google.firebase:firebase-auth:22.2.0] AndroidManifest.xml:38:27-73
224                <category android:name="android.intent.category.BROWSABLE" />
224-->[com.google.firebase:firebase-auth:22.2.0] AndroidManifest.xml:39:17-78
224-->[com.google.firebase:firebase-auth:22.2.0] AndroidManifest.xml:39:27-75
225
226                <data
226-->[com.google.firebase:firebase-auth:22.2.0] AndroidManifest.xml:41:17-44:51
227                    android:host="firebase.auth"
227-->[com.google.firebase:firebase-auth:22.2.0] AndroidManifest.xml:42:21-49
228                    android:path="/"
228-->[com.google.firebase:firebase-auth:22.2.0] AndroidManifest.xml:43:21-37
229                    android:scheme="recaptcha" />
229-->[com.google.firebase:firebase-auth:22.2.0] AndroidManifest.xml:44:21-48
230            </intent-filter>